<?xml version="1.0" encoding="UTF-8"?>
<!-- Generated by org.testng.reporters.JUnitReportReporter -->
<testsuite hostname="VEER" failures="0" tests="1" name="amazon_Scenarios.TestCase3" time="45.976" errors="0" timestamp="2024-07-05T17:34:00 IST" skipped="0">
  <testcase classname="amazon_Scenarios.TestCase3" name="login_to_amazon" time="45.976"/>
  <system-out>
    <![CDATA[Test case Ppassed]]>
  </system-out>
</testsuite> <!-- amazon_Scenarios.TestCase3 -->
