<?xml version="1.0" encoding="UTF-8"?>
<!-- Generated by org.testng.reporters.JUnitReportReporter -->
<testsuite hostname="VEER" failures="0" tests="1" name="amazon_Scenarios.TestCase4" time="48.640" errors="0" timestamp="2024-07-05T18:03:48 IST" skipped="0">
  <testcase classname="amazon_Scenarios.TestCase4" name="login_to_amazon" time="48.640"/>
  <system-out>
    <![CDATA[Test case Ppassed]]>
  </system-out>
</testsuite> <!-- amazon_Scenarios.TestCase4 -->
