<?xml version="1.0" encoding="UTF-8"?>
<!-- Generated by org.testng.reporters.JUnitReportReporter -->
<testsuite hostname="VEER" failures="0" tests="1" name="amazon_Scenarios.TestCase5" time="53.920" errors="0" timestamp="2024-07-05T18:31:42 IST" skipped="0">
  <testcase classname="amazon_Scenarios.TestCase5" name="login_to_amazon" time="53.920"/>
  <system-out>
    <![CDATA[Test case Ppassed]]>
  </system-out>
</testsuite> <!-- amazon_Scenarios.TestCase5 -->
