<?xml version="1.0" encoding="UTF-8"?>
<!-- Generated by org.testng.reporters.JUnitReportReporter -->
<testsuite hostname="VEER" failures="0" tests="1" name="selenium_Project1.Testcase1" time="14.712" errors="0" timestamp="2024-07-03T23:10:40 IST" skipped="0">
  <testcase classname="selenium_Project1.Testcase1" name="login_to_facebook" time="14.712"/>
  <system-out/>
</testsuite> <!-- selenium_Project1.Testcase1 -->
