<?xml version="1.0" encoding="UTF-8"?>
<!-- Generated by org.testng.reporters.JUnitReportReporter -->
<testsuite hostname="VEER" failures="0" tests="1" name="amazon_Scenarios.TestCase1" time="29.744" errors="0" timestamp="2024-07-05T15:50:36 IST" skipped="0">
  <testcase classname="amazon_Scenarios.TestCase1" name="login_to_amazon" time="29.744"/>
  <system-out>
    <![CDATA[Test case Ppassed]]>
  </system-out>
</testsuite> <!-- amazon_Scenarios.TestCase1 -->
