<?xml version="1.0" encoding="UTF-8"?>
<!-- Generated by org.testng.reporters.JUnitReportReporter -->
<testsuite hostname="VEER" failures="0" tests="3" name="amazon10ScenariosParallelTesting.Shoe" time="246.293" errors="0" timestamp="2024-06-23T13:50:27 IST" skipped="0">
  <testcase classname="amazon10ScenariosParallelTesting.Shoe" name="searchshoe" time="91.607"/>
  <system-out/>
  <testcase classname="amazon10ScenariosParallelTesting.Shoe" name="searchshoe" time="66.262"/>
  <system-out/>
  <testcase classname="amazon10ScenariosParallelTesting.Shoe" name="searchshoe" time="88.424"/>
  <system-out/>
</testsuite> <!-- amazon10ScenariosParallelTesting.Shoe -->
