<?xml version="1.0" encoding="UTF-8"?>
<!-- Generated by org.testng.reporters.JUnitReportReporter -->
<testsuite hostname="VEER" failures="0" tests="7" name="test_parameter.InvocationCount" time="0.128" errors="0" timestamp="2024-06-15T16:04:26 IST" skipped="0">
  <testcase classname="test_parameter.InvocationCount" name="add" time="0.049"/>
  <system-out/>
  <testcase classname="test_parameter.InvocationCount" name="add" time="0.005"/>
  <system-out/>
  <testcase classname="test_parameter.InvocationCount" name="add" time="0.004"/>
  <system-out/>
  <testcase classname="test_parameter.InvocationCount" name="add" time="0.011"/>
  <system-out/>
  <testcase classname="test_parameter.InvocationCount" name="add" time="0.029"/>
  <system-out/>
  <testcase classname="test_parameter.InvocationCount" name="mul" time="0.016"/>
  <system-out/>
  <testcase classname="test_parameter.InvocationCount" name="sub" time="0.014"/>
  <system-out/>
</testsuite> <!-- test_parameter.InvocationCount -->
