<?xml version="1.0" encoding="UTF-8"?>
<!-- Generated by org.testng.reporters.JUnitReportReporter -->
<testsuite hostname="VEER" failures="0" tests="1" name="amazonScreenshot.Amazon_login" time="27.348" errors="0" timestamp="2024-06-25T09:13:10 IST" skipped="0">
  <testcase classname="amazonScreenshot.Amazon_login" name="login" time="27.348"/>
  <system-out/>
</testsuite> <!-- amazonScreenshot.Amazon_login -->
