<?xml version="1.0" encoding="UTF-8"?>
<!-- Generated by org.testng.reporters.JUnitReportReporter -->
<testsuite hostname="VEER" failures="0" tests="5" name="dataProvider.DP_Facebook_regi" time="77.117" errors="0" timestamp="2024-06-23T11:22:18 IST" skipped="0">
  <testcase classname="dataProvider.DP_Facebook_regi" name="registration" time="13.617"/>
  <system-out/>
  <testcase classname="dataProvider.DP_Facebook_regi" name="registration" time="16.625"/>
  <system-out/>
  <testcase classname="dataProvider.DP_Facebook_regi" name="registration" time="18.146"/>
  <system-out/>
  <testcase classname="dataProvider.DP_Facebook_regi" name="registration" time="14.263"/>
  <system-out/>
  <testcase classname="dataProvider.DP_Facebook_regi" name="registration" time="14.466"/>
  <system-out/>
</testsuite> <!-- dataProvider.DP_Facebook_regi -->
