<?xml version="1.0" encoding="UTF-8"?>
<!-- Generated by org.testng.reporters.JUnitReportReporter -->
<testsuite hostname="VEER" failures="0" tests="5" name="dataProvider.DataProvider_Amazon_Regi" time="65.446" errors="0" timestamp="2024-07-02T19:31:31 IST" skipped="0">
  <testcase classname="dataProvider.DataProvider_Amazon_Regi" name="registration" time="10.087"/>
  <system-out/>
  <testcase classname="dataProvider.DataProvider_Amazon_Regi" name="registration" time="22.839"/>
  <system-out/>
  <testcase classname="dataProvider.DataProvider_Amazon_Regi" name="registration" time="10.065"/>
  <system-out/>
  <testcase classname="dataProvider.DataProvider_Amazon_Regi" name="registration" time="12.203"/>
  <system-out/>
  <testcase classname="dataProvider.DataProvider_Amazon_Regi" name="registration" time="10.252"/>
  <system-out/>
</testsuite> <!-- dataProvider.DataProvider_Amazon_Regi -->
