<?xml version="1.0" encoding="UTF-8"?>
<!-- Generated by org.testng.reporters.JUnitReportReporter -->
<testsuite hostname="VEER" failures="0" tests="3" name="amazon10ScenariosParallelTesting.Shoe" time="260.149" errors="0" timestamp="2024-07-03T19:03:37 IST" skipped="0">
  <testcase classname="amazon10ScenariosParallelTesting.Shoe" name="searchshoe" time="78.299"/>
  <system-out/>
  <testcase classname="amazon10ScenariosParallelTesting.Shoe" name="searchshoe" time="96.124"/>
  <system-out/>
  <testcase classname="amazon10ScenariosParallelTesting.Shoe" name="searchshoe" time="85.726"/>
  <system-out/>
</testsuite> <!-- amazon10ScenariosParallelTesting.Shoe -->
