<?xml version="1.0" encoding="UTF-8"?>
<!-- Generated by org.testng.reporters.JUnitReportReporter -->
<testsuite hostname="VEER" failures="0" tests="1" name="assertion_TestNG.Camera35" time="30.234" errors="0" timestamp="2024-06-26T13:51:20 IST" skipped="0">
  <testcase classname="assertion_TestNG.Camera35" name="camera" time="30.234"/>
  <system-out/>
</testsuite> <!-- assertion_TestNG.Camera35 -->
