<?xml version="1.0" encoding="UTF-8"?>
<!-- Generated by org.testng.reporters.JUnitReportReporter -->
<testsuite hostname="VEER" failures="0" tests="3" name="amazon10ScenariosParallelTesting.Mouse" time="212.753" errors="0" timestamp="2024-06-23T13:50:27 IST" skipped="0">
  <testcase classname="amazon10ScenariosParallelTesting.Mouse" name="searchmouse" time="44.768"/>
  <system-out/>
  <testcase classname="amazon10ScenariosParallelTesting.Mouse" name="searchmouse" time="77.845"/>
  <system-out/>
  <testcase classname="amazon10ScenariosParallelTesting.Mouse" name="searchmouse" time="90.140"/>
  <system-out/>
</testsuite> <!-- amazon10ScenariosParallelTesting.Mouse -->
