<?xml version="1.0" encoding="UTF-8"?>
<!-- Generated by org.testng.reporters.JUnitReportReporter -->
<testsuite hostname="VEER" failures="0" tests="1" name="amazonScreenshot.TestCase2" time="57.617" errors="0" timestamp="2024-06-16T08:40:20 IST" skipped="0">
  <testcase classname="amazonScreenshot.TestCase2" name="buy" time="57.617"/>
  <system-out/>
</testsuite> <!-- amazonScreenshot.TestCase2 -->
