<?xml version="1.0" encoding="UTF-8"?>
<!-- Generated by org.testng.reporters.JUnitReportReporter -->
<testsuite hostname="VEER" failures="0" tests="3" name="test_parameter.DiableTestcase" time="0.060" errors="0" timestamp="2024-06-15T16:04:26 IST" skipped="1">
  <testcase classname="test_parameter.DiableTestcase" name="mul" time="0.041"/>
  <system-out/>
  <testcase classname="test_parameter.DiableTestcase" name="sub" time="0.019"/>
  <system-out/>
  <testcase classname="test_parameter.DiableTestcase" name="add">
    <skipped/>
  </testcase> <!-- add -->
  <system-out/>
</testsuite> <!-- test_parameter.DiableTestcase -->
