<?xml version="1.0" encoding="UTF-8"?>
<!-- Generated by org.testng.reporters.JUnitReportReporter -->
<testsuite hostname="VEER" failures="0" tests="1" name="testCase.TestCase1" time="0.036" errors="0" timestamp="2024-06-15T16:16:28 IST" skipped="0">
  <testcase classname="testCase.TestCase1" name="login" time="0.036"/>
  <system-out/>
</testsuite> <!-- testCase.TestCase1 -->
