<?xml version="1.0" encoding="UTF-8"?>
<!-- Generated by org.testng.reporters.JUnitReportReporter -->
<testsuite hostname="VEER" failures="0" tests="1" name="listeners.Listener_Program" time="46.024" errors="0" timestamp="2024-06-30T13:00:48 IST" skipped="0">
  <testcase classname="listeners.Listener_Program" name="searchmobile" time="46.024"/>
  <system-out>
    <![CDATA[Test case Ppassed]]>
  </system-out>
</testsuite> <!-- listeners.Listener_Program -->
