<?xml version="1.0" encoding="UTF-8"?>
<!-- Generated by org.testng.reporters.JUnitReportReporter -->
<testsuite hostname="VEER" failures="0" tests="3" name="test_parameter.Priority" time="0.026" errors="0" timestamp="2024-06-15T16:04:26 IST" skipped="0">
  <testcase classname="test_parameter.Priority" name="add" time="0.003"/>
  <system-out/>
  <testcase classname="test_parameter.Priority" name="mul" time="0.009"/>
  <system-out/>
  <testcase classname="test_parameter.Priority" name="sub" time="0.014"/>
  <system-out/>
</testsuite> <!-- test_parameter.Priority -->
