<?xml version="1.0" encoding="UTF-8"?>
<!-- Generated by org.testng.reporters.JUnitReportReporter -->
<testsuite hostname="VEER" failures="0" tests="3" name="amazon10ScenariosParallelTesting.Search_Shoe" time="269.296" errors="0" timestamp="2024-07-03T19:03:37 IST" skipped="0">
  <testcase classname="amazon10ScenariosParallelTesting.Search_Shoe" name="home" time="97.298"/>
  <system-out/>
  <testcase classname="amazon10ScenariosParallelTesting.Search_Shoe" name="home" time="81.044"/>
  <system-out/>
  <testcase classname="amazon10ScenariosParallelTesting.Search_Shoe" name="home" time="90.954"/>
  <system-out/>
</testsuite> <!-- amazon10ScenariosParallelTesting.Search_Shoe -->
