<?xml version="1.0" encoding="UTF-8"?>
<!-- Generated by org.testng.reporters.JUnitReportReporter -->
<testsuite hostname="VEER" failures="0" tests="3" name="amazon10ScenariosParallelTesting.Search_Shoe" time="165.588" errors="0" timestamp="2024-06-23T13:50:27 IST" skipped="0">
  <testcase classname="amazon10ScenariosParallelTesting.Search_Shoe" name="home" time="50.945"/>
  <system-out/>
  <testcase classname="amazon10ScenariosParallelTesting.Search_Shoe" name="home" time="73.264"/>
  <system-out/>
  <testcase classname="amazon10ScenariosParallelTesting.Search_Shoe" name="home" time="41.379"/>
  <system-out/>
</testsuite> <!-- amazon10ScenariosParallelTesting.Search_Shoe -->
