<?xml version="1.0" encoding="UTF-8"?>
<!-- Generated by org.testng.reporters.JUnitReportReporter -->
<testsuite hostname="VEER" failures="0" tests="3" name="amazon10ScenariosParallelTesting.Redmi" time="213.904" errors="0" timestamp="2024-06-23T13:50:27 IST" skipped="0">
  <testcase classname="amazon10ScenariosParallelTesting.Redmi" name="redmicheck" time="67.099"/>
  <system-out/>
  <testcase classname="amazon10ScenariosParallelTesting.Redmi" name="redmicheck" time="47.740"/>
  <system-out/>
  <testcase classname="amazon10ScenariosParallelTesting.Redmi" name="redmicheck" time="99.065"/>
  <system-out/>
</testsuite> <!-- amazon10ScenariosParallelTesting.Redmi -->
