<?xml version="1.0" encoding="UTF-8"?>
<!-- Generated by org.testng.reporters.JUnitReportReporter -->
<testsuite hostname="VEER" failures="0" tests="3" name="amazon10ScenariosParallelTesting.Camera35" time="323.699" errors="0" timestamp="2024-07-03T19:03:37 IST" skipped="0">
  <testcase classname="amazon10ScenariosParallelTesting.Camera35" name="camera" time="114.874"/>
  <system-out/>
  <testcase classname="amazon10ScenariosParallelTesting.Camera35" name="camera" time="102.744"/>
  <system-out/>
  <testcase classname="amazon10ScenariosParallelTesting.Camera35" name="camera" time="106.081"/>
  <system-out/>
</testsuite> <!-- amazon10ScenariosParallelTesting.Camera35 -->
