<?xml version="1.0" encoding="UTF-8"?>
<!-- Generated by org.testng.reporters.JUnitReportReporter -->
<testsuite hostname="VEER" failures="0" tests="1" name="synchronization_Selenium_Waits.Implicit_Wait" time="35.306" errors="0" timestamp="2024-06-19T21:10:08 IST" skipped="0">
  <testcase classname="synchronization_Selenium_Waits.Implicit_Wait" name="links" time="35.306"/>
  <system-out/>
</testsuite> <!-- synchronization_Selenium_Waits.Implicit_Wait -->
