<?xml version="1.0" encoding="UTF-8"?>
<!-- Generated by org.testng.reporters.JUnitReportReporter -->
<testsuite hostname="VEER" failures="0" tests="1" name="amazon_scenario.Program3" time="55.788" errors="0" timestamp="2024-06-16T07:51:01 IST" skipped="0">
  <testcase classname="amazon_scenario.Program3" name="wishlisting" time="55.788"/>
  <system-out/>
</testsuite> <!-- amazon_scenario.Program3 -->
