<?xml version="1.0" encoding="UTF-8"?>
<!-- Generated by org.testng.reporters.JUnitReportReporter -->
<testsuite hostname="VEER" failures="0" tests="3" name="dataProvider.DataProvider_Eg" time="0.033" errors="0" timestamp="2024-06-23T09:36:35 IST" skipped="0">
  <testcase classname="dataProvider.DataProvider_Eg" name="testcase1" time="0.007"/>
  <system-out/>
  <testcase classname="dataProvider.DataProvider_Eg" name="testcase1" time="0.020"/>
  <system-out/>
  <testcase classname="dataProvider.DataProvider_Eg" name="testcase1" time="0.006"/>
  <system-out/>
</testsuite> <!-- dataProvider.DataProvider_Eg -->
