<?xml version="1.0" encoding="UTF-8"?>
<!-- Generated by org.testng.reporters.JUnitReportReporter -->
<testsuite hostname="VEER" failures="0" tests="5" name="dataProvider.DataProvider_Amazon_Regi" time="53.143" errors="0" timestamp="2024-06-23T10:33:20 IST" skipped="0">
  <testcase classname="dataProvider.DataProvider_Amazon_Regi" name="registration" time="12.933"/>
  <system-out/>
  <testcase classname="dataProvider.DataProvider_Amazon_Regi" name="registration" time="10.054"/>
  <system-out/>
  <testcase classname="dataProvider.DataProvider_Amazon_Regi" name="registration" time="10.476"/>
  <system-out/>
  <testcase classname="dataProvider.DataProvider_Amazon_Regi" name="registration" time="9.714"/>
  <system-out/>
  <testcase classname="dataProvider.DataProvider_Amazon_Regi" name="registration" time="9.966"/>
  <system-out/>
</testsuite> <!-- dataProvider.DataProvider_Amazon_Regi -->
