<?xml version="1.0" encoding="UTF-8"?>
<!-- Generated by org.testng.reporters.JUnitReportReporter -->
<testsuite hostname="VEER" failures="0" tests="3" name="amazon10ScenariosParallelTesting.Mobile" time="112.200" errors="0" timestamp="2024-06-23T13:50:27 IST" skipped="0">
  <testcase classname="amazon10ScenariosParallelTesting.Mobile" name="searchmobile" time="32.699"/>
  <system-out/>
  <testcase classname="amazon10ScenariosParallelTesting.Mobile" name="searchmobile" time="32.566"/>
  <system-out/>
  <testcase classname="amazon10ScenariosParallelTesting.Mobile" name="searchmobile" time="46.935"/>
  <system-out/>
</testsuite> <!-- amazon10ScenariosParallelTesting.Mobile -->
