<?xml version="1.0" encoding="UTF-8"?>
<!-- Generated by org.testng.reporters.JUnitReportReporter -->
<testsuite hostname="VEER" failures="0" tests="1" name="synchronization_Selenium_Waits.Explicit_Wait" time="12.404" errors="0" timestamp="2024-06-19T22:48:20 IST" skipped="0">
  <testcase classname="synchronization_Selenium_Waits.Explicit_Wait" name="testcase1" time="12.404"/>
  <system-out/>
</testsuite> <!-- synchronization_Selenium_Waits.Explicit_Wait -->
