<?xml version="1.0" encoding="UTF-8"?>
<!-- Generated by org.testng.reporters.JUnitReportReporter -->
<testsuite hostname="VEER" failures="0" tests="1" name="assertion_TestNG.Google_Title" time="15.036" errors="0" timestamp="2024-06-25T08:50:44 IST" skipped="0">
  <testcase classname="assertion_TestNG.Google_Title" name="title" time="15.036"/>
  <system-out/>
</testsuite> <!-- assertion_TestNG.Google_Title -->
