<?xml version="1.0" encoding="UTF-8"?>
<!-- Generated by org.testng.reporters.JUnitReportReporter -->
<testsuite hostname="VEER" failures="0" tests="3" name="amazon10ScenariosParallelTesting.MoblieCover" time="301.990" errors="0" timestamp="2024-07-03T19:03:37 IST" skipped="0">
  <testcase classname="amazon10ScenariosParallelTesting.MoblieCover" name="searchmobileCover" time="86.531"/>
  <system-out/>
  <testcase classname="amazon10ScenariosParallelTesting.MoblieCover" name="searchmobileCover" time="125.088"/>
  <system-out/>
  <testcase classname="amazon10ScenariosParallelTesting.MoblieCover" name="searchmobileCover" time="90.371"/>
  <system-out/>
</testsuite> <!-- amazon10ScenariosParallelTesting.MoblieCover -->
