<?xml version="1.0" encoding="UTF-8"?>
<!-- Generated by org.testng.reporters.JUnitReportReporter -->
<testsuite hostname="VEER" failures="0" tests="1" name="iRetry.Retry_Prog" time="24.421" errors="0" timestamp="2024-07-02T19:54:55 IST" skipped="0">
  <testcase classname="iRetry.Retry_Prog" name="searchmobile" time="24.421"/>
  <system-out/>
</testsuite> <!-- iRetry.Retry_Prog -->
