<?xml version="1.0" encoding="UTF-8"?>
<!-- Generated by org.testng.reporters.JUnitReportReporter -->
<testsuite hostname="VEER" failures="0" tests="3" name="parallel_Testing.CrossBrowsertesting" time="112.484" errors="0" timestamp="2024-06-20T16:17:11 IST" skipped="0">
  <testcase classname="parallel_Testing.CrossBrowsertesting" name="testcase1" time="52.566"/>
  <system-out/>
  <testcase classname="parallel_Testing.CrossBrowsertesting" name="testcase1" time="33.917"/>
  <system-out/>
  <testcase classname="parallel_Testing.CrossBrowsertesting" name="testcase1" time="26.001"/>
  <system-out/>
</testsuite> <!-- parallel_Testing.CrossBrowsertesting -->
