<?xml version="1.0" encoding="UTF-8"?>
<!-- Generated by org.testng.reporters.JUnitReportReporter -->
<testsuite hostname="VEER" failures="0" tests="3" name="amazon10ScenariosParallelTesting.MoblieCover" time="242.276" errors="0" timestamp="2024-06-23T13:50:27 IST" skipped="0">
  <testcase classname="amazon10ScenariosParallelTesting.MoblieCover" name="searchmobileCover" time="90.746"/>
  <system-out/>
  <testcase classname="amazon10ScenariosParallelTesting.MoblieCover" name="searchmobileCover" time="80.945"/>
  <system-out/>
  <testcase classname="amazon10ScenariosParallelTesting.MoblieCover" name="searchmobileCover" time="70.585"/>
  <system-out/>
</testsuite> <!-- amazon10ScenariosParallelTesting.MoblieCover -->
