<?xml version="1.0" encoding="UTF-8"?>
<!-- Generated by org.testng.reporters.JUnitReportReporter -->
<testsuite hostname="VEER" failures="0" tests="3" name="test_parameter.DisableTestcase" time="0.032" errors="0" timestamp="2024-06-19T21:11:39 IST" skipped="1">
  <testcase classname="test_parameter.DisableTestcase" name="mul" time="0.026"/>
  <system-out/>
  <testcase classname="test_parameter.DisableTestcase" name="sub" time="0.006"/>
  <system-out/>
  <testcase classname="test_parameter.DisableTestcase" name="add">
    <skipped/>
  </testcase> <!-- add -->
  <system-out/>
</testsuite> <!-- test_parameter.DisableTestcase -->
