<?xml version="1.0" encoding="UTF-8"?>
<!-- Generated by org.testng.reporters.JUnitReportReporter -->
<testsuite hostname="VEER" failures="0" tests="3" name="amazon10ScenariosParallelTesting.Redmi" time="288.007" errors="0" timestamp="2024-07-03T19:03:37 IST" skipped="0">
  <testcase classname="amazon10ScenariosParallelTesting.Redmi" name="redmicheck" time="103.635"/>
  <system-out/>
  <testcase classname="amazon10ScenariosParallelTesting.Redmi" name="redmicheck" time="79.005"/>
  <system-out/>
  <testcase classname="amazon10ScenariosParallelTesting.Redmi" name="redmicheck" time="105.367"/>
  <system-out/>
</testsuite> <!-- amazon10ScenariosParallelTesting.Redmi -->
