<?xml version="1.0" encoding="UTF-8"?>
<!-- Generated by org.testng.reporters.JUnitReportReporter -->
<testsuite hostname="VEER" failures="0" tests="1" name="amazonScreenshot.TestCase2" time="95.645" errors="0" timestamp="2024-06-18T21:02:50 IST" skipped="0">
  <testcase classname="amazonScreenshot.TestCase2" name="buy" time="95.645"/>
  <system-out/>
</testsuite> <!-- amazonScreenshot.TestCase2 -->
