<?xml version="1.0" encoding="UTF-8"?>
<!-- Generated by org.testng.reporters.JUnitReportReporter -->
<testsuite hostname="VEER" failures="0" tests="1" name="assertion_TestNG.Books" time="37.623" errors="0" timestamp="2024-06-26T13:48:50 IST" skipped="0">
  <testcase classname="assertion_TestNG.Books" name="book" time="37.623"/>
  <system-out/>
</testsuite> <!-- assertion_TestNG.Books -->
