<?xml version="1.0" encoding="UTF-8"?>
<!-- Generated by org.testng.reporters.JUnitReportReporter -->
<testsuite hostname="VEER" failures="0" tests="5" name="test_parameter.MoreParameters_InOneTest" time="0.114" errors="0" timestamp="2024-06-15T16:04:26 IST" skipped="0">
  <testcase classname="test_parameter.MoreParameters_InOneTest" name="sun" time="0.018"/>
  <system-out/>
  <testcase classname="test_parameter.MoreParameters_InOneTest" name="sun" time="0.046"/>
  <system-out/>
  <testcase classname="test_parameter.MoreParameters_InOneTest" name="add" time="0.019"/>
  <system-out/>
  <testcase classname="test_parameter.MoreParameters_InOneTest" name="add" time="0.017"/>
  <system-out/>
  <testcase classname="test_parameter.MoreParameters_InOneTest" name="add" time="0.014"/>
  <system-out/>
</testsuite> <!-- test_parameter.MoreParameters_InOneTest -->
