<?xml version="1.0" encoding="UTF-8"?>
<!-- Generated by org.testng.reporters.JUnitReportReporter -->
<testsuite hostname="VEER" failures="0" tests="3" name="amazon10ScenariosParallelTesting.Mobile" time="228.231" errors="0" timestamp="2024-07-03T19:03:37 IST" skipped="0">
  <testcase classname="amazon10ScenariosParallelTesting.Mobile" name="searchmobile" time="70.272"/>
  <system-out/>
  <testcase classname="amazon10ScenariosParallelTesting.Mobile" name="searchmobile" time="79.681"/>
  <system-out/>
  <testcase classname="amazon10ScenariosParallelTesting.Mobile" name="searchmobile" time="78.278"/>
  <system-out/>
</testsuite> <!-- amazon10ScenariosParallelTesting.Mobile -->
