<?xml version="1.0" encoding="UTF-8"?>
<!-- Generated by org.testng.reporters.JUnitReportReporter -->
<testsuite hostname="VEER" failures="0" tests="1" name="parallel_Testing.Raw" time="27.829" errors="0" timestamp="2024-06-20T15:30:55 IST" skipped="0">
  <testcase classname="parallel_Testing.Raw" name="testcase1" time="27.829"/>
  <system-out/>
</testsuite> <!-- parallel_Testing.Raw -->
