<?xml version="1.0" encoding="UTF-8"?>
<!-- Generated by org.testng.reporters.JUnitReportReporter -->
<testsuite hostname="VEER" failures="0" tests="6" name="parallel_Testing.Grouping_Class" time="0.046" errors="0" timestamp="2024-06-21T10:38:26 IST" skipped="0">
  <testcase classname="parallel_Testing.Grouping_Class" name="testcase4" time="0.007"/>
  <system-out/>
  <testcase classname="parallel_Testing.Grouping_Class" name="testcase3" time="0.004"/>
  <system-out/>
  <testcase classname="parallel_Testing.Grouping_Class" name="testcase2" time="0.005"/>
  <system-out/>
  <testcase classname="parallel_Testing.Grouping_Class" name="testcase5" time="0.003"/>
  <system-out/>
  <testcase classname="parallel_Testing.Grouping_Class" name="testcase1a" time="0.003"/>
  <system-out/>
  <testcase classname="parallel_Testing.Grouping_Class" name="testcase1" time="0.024"/>
  <system-out/>
</testsuite> <!-- parallel_Testing.Grouping_Class -->
