<?xml version="1.0" encoding="UTF-8"?>
<!-- Generated by org.testng.reporters.JUnitReportReporter -->
<testsuite hostname="VEER" failures="0" tests="1" name="amazonScreenshot.Testcase1" time="49.480" errors="0" timestamp="2024-06-16T08:40:20 IST" skipped="0">
  <testcase classname="amazonScreenshot.Testcase1" name="Addtokart" time="49.480"/>
  <system-out/>
</testsuite> <!-- amazonScreenshot.Testcase1 -->
